databurst.spiders.databurst_spider - INFO - ok - 2023-11-27 23:56:13,316 - 1701116773.316614
scrapy.extensions.telnet - INFO - Telnet Password: 86d4e14842702766 - 2023-11-27 23:56:13,332 - 1701116773.332070
scrapy.extensions.logstats - INFO - Crawled 0 pages (at 0 pages/min), scraped 0 items (at 0 items/min) - 2023-11-27 23:56:13,455 - 1701116773.455003
scrapy.extensions.telnet - INFO - Telnet console listening on 127.0.0.1:6023 - 2023-11-27 23:56:13,455 - 1701116773.455817
scrapy.downloadermiddlewares.retry - ERROR - Gave up retrying <GET https://databurst.ir/robots.txt> (failed 3 times): [<twisted.python.failure.Failure twisted.internet.error.ConnectionLost: Connection to the other side was lost in a non-clean fashion: Connection lost.>] - 2023-11-27 23:56:16,202 - 1701116776.202145
scrapy.downloadermiddlewares.robotstxt - ERROR - Error downloading <GET https://databurst.ir/robots.txt>: [<twisted.python.failure.Failure twisted.internet.error.ConnectionLost: Connection to the other side was lost in a non-clean fashion: Connection lost.>] - 2023-11-27 23:56:16,205 - 1701116776.205582
Traceback (most recent call last):
  File "/home/mahnaz/dataBurst/crawling/venv/lib/python3.11/site-packages/scrapy/core/downloader/middleware.py", line 54, in process_request
    return (yield download_func(request=request, spider=spider))
twisted.web._newclient.ResponseNeverReceived: [<twisted.python.failure.Failure twisted.internet.error.ConnectionLost: Connection to the other side was lost in a non-clean fashion: Connection lost.>]
scrapy.downloadermiddlewares.retry - ERROR - Gave up retrying <GET https://databurst.ir> (failed 3 times): [<twisted.python.failure.Failure twisted.internet.error.ConnectionLost: Connection to the other side was lost in a non-clean fashion: Connection lost.>] - 2023-11-27 23:56:21,565 - 1701116781.565417
databurst.spiders.databurst_spider - INFO - ok - 2023-11-27 23:56:30,548 - 1701116790.548181
scrapy.extensions.telnet - INFO - Telnet Password: f7e439612e717467 - 2023-11-27 23:56:30,560 - 1701116790.560612
scrapy.extensions.logstats - INFO - Crawled 0 pages (at 0 pages/min), scraped 0 items (at 0 items/min) - 2023-11-27 23:56:30,668 - 1701116790.668200
scrapy.extensions.telnet - INFO - Telnet console listening on 127.0.0.1:6023 - 2023-11-27 23:56:30,669 - 1701116790.669070
scrapy.downloadermiddlewares.retry - ERROR - Gave up retrying <GET https://databurst.ir/robots.txt> (failed 3 times): [<twisted.python.failure.Failure twisted.internet.error.ConnectionLost: Connection to the other side was lost in a non-clean fashion: Connection lost.>] - 2023-11-27 23:56:34,261 - 1701116794.261428
scrapy.downloadermiddlewares.robotstxt - ERROR - Error downloading <GET https://databurst.ir/robots.txt>: [<twisted.python.failure.Failure twisted.internet.error.ConnectionLost: Connection to the other side was lost in a non-clean fashion: Connection lost.>] - 2023-11-27 23:56:34,263 - 1701116794.263380
Traceback (most recent call last):
  File "/home/mahnaz/dataBurst/crawling/venv/lib/python3.11/site-packages/scrapy/core/downloader/middleware.py", line 54, in process_request
    return (yield download_func(request=request, spider=spider))
twisted.web._newclient.ResponseNeverReceived: [<twisted.python.failure.Failure twisted.internet.error.ConnectionLost: Connection to the other side was lost in a non-clean fashion: Connection lost.>]
scrapy.downloadermiddlewares.retry - ERROR - Gave up retrying <GET https://databurst.ir> (failed 3 times): [<twisted.python.failure.Failure twisted.internet.error.ConnectionLost: Connection to the other side was lost in a non-clean fashion: Connection lost.>] - 2023-11-27 23:56:36,323 - 1701116796.323259
databurst.spiders.databurst_spider - INFO - ok - 2023-11-27 23:57:26,308 - 1701116846.308795
scrapy.extensions.telnet - INFO - Telnet Password: 655773b5782d6d4a - 2023-11-27 23:57:26,322 - 1701116846.322927
scrapy.extensions.logstats - INFO - Crawled 0 pages (at 0 pages/min), scraped 0 items (at 0 items/min) - 2023-11-27 23:57:26,440 - 1701116846.440612
scrapy.extensions.telnet - INFO - Telnet console listening on 127.0.0.1:6023 - 2023-11-27 23:57:26,441 - 1701116846.441615
scrapy.downloadermiddlewares.retry - ERROR - Gave up retrying <GET https://databurst.ir/robots.txt> (failed 3 times): [<twisted.python.failure.Failure twisted.internet.error.ConnectionLost: Connection to the other side was lost in a non-clean fashion: Connection lost.>] - 2023-11-27 23:57:29,307 - 1701116849.307915
scrapy.downloadermiddlewares.robotstxt - ERROR - Error downloading <GET https://databurst.ir/robots.txt>: [<twisted.python.failure.Failure twisted.internet.error.ConnectionLost: Connection to the other side was lost in a non-clean fashion: Connection lost.>] - 2023-11-27 23:57:29,309 - 1701116849.309358
Traceback (most recent call last):
  File "/home/mahnaz/dataBurst/crawling/venv/lib/python3.11/site-packages/scrapy/core/downloader/middleware.py", line 54, in process_request
    return (yield download_func(request=request, spider=spider))
twisted.web._newclient.ResponseNeverReceived: [<twisted.python.failure.Failure twisted.internet.error.ConnectionLost: Connection to the other side was lost in a non-clean fashion: Connection lost.>]
databurst.spiders.databurst_spider - INFO - okkk - 2023-11-27 23:57:31,069 - 1701116851.069730
databurst.spiders.databurst_spider - INFO - ok - 2023-11-28 00:00:05,048 - 1701117005.048543
scrapy.extensions.telnet - INFO - Telnet Password: cf13fc8f4c7aa027 - 2023-11-28 00:00:05,061 - 1701117005.061169
scrapy.extensions.logstats - INFO - Crawled 0 pages (at 0 pages/min), scraped 0 items (at 0 items/min) - 2023-11-28 00:00:05,196 - 1701117005.196433
scrapy.extensions.telnet - INFO - Telnet console listening on 127.0.0.1:6023 - 2023-11-28 00:00:05,197 - 1701117005.197348
scrapy.downloadermiddlewares.retry - ERROR - Gave up retrying <GET https://databurst.ir> (failed 3 times): [<twisted.python.failure.Failure twisted.internet.error.ConnectionLost: Connection to the other side was lost in a non-clean fashion: Connection lost.>] - 2023-11-28 00:00:12,123 - 1701117012.123343
databurst.spiders.databurst_spider - INFO - ok - 2023-11-28 00:02:14,366 - 1701117134.366734
scrapy.extensions.telnet - INFO - Telnet Password: 509d79569b644d07 - 2023-11-28 00:02:14,448 - 1701117134.448654
scrapy.extensions.logstats - INFO - Crawled 0 pages (at 0 pages/min), scraped 0 items (at 0 items/min) - 2023-11-28 00:02:14,777 - 1701117134.777720
scrapy.extensions.telnet - INFO - Telnet console listening on 127.0.0.1:6023 - 2023-11-28 00:02:14,779 - 1701117134.779089
scrapy.downloadermiddlewares.retry - ERROR - Gave up retrying <GET https://databurst.ir/robots.txt> (failed 3 times): 500 Internal Server Error - 2023-11-28 00:02:22,378 - 1701117142.378794
scrapy.downloadermiddlewares.retry - ERROR - Gave up retrying <GET https://databurst.ir> (failed 3 times): 500 Internal Server Error - 2023-11-28 00:02:25,242 - 1701117145.242579
scrapy.spidermiddlewares.httperror - INFO - Ignoring response <500 https://databurst.ir>: HTTP status code is not handled or not allowed - 2023-11-28 00:02:25,344 - 1701117145.344051
databurst.spiders.databurst_spider - INFO - ok - 2023-11-28 00:02:28,109 - 1701117148.109837
scrapy.extensions.telnet - INFO - Telnet Password: bad7b1b9efe69188 - 2023-11-28 00:02:28,123 - 1701117148.123561
scrapy.extensions.logstats - INFO - Crawled 0 pages (at 0 pages/min), scraped 0 items (at 0 items/min) - 2023-11-28 00:02:28,416 - 1701117148.416997
scrapy.extensions.telnet - INFO - Telnet console listening on 127.0.0.1:6023 - 2023-11-28 00:02:28,417 - 1701117148.417843
scrapy.downloadermiddlewares.retry - ERROR - Gave up retrying <GET https://databurst.ir/robots.txt> (failed 3 times): [<twisted.python.failure.Failure twisted.internet.error.ConnectionLost: Connection to the other side was lost in a non-clean fashion: Connection lost.>] - 2023-11-28 00:02:30,778 - 1701117150.778141
scrapy.downloadermiddlewares.robotstxt - ERROR - Error downloading <GET https://databurst.ir/robots.txt>: [<twisted.python.failure.Failure twisted.internet.error.ConnectionLost: Connection to the other side was lost in a non-clean fashion: Connection lost.>] - 2023-11-28 00:02:30,779 - 1701117150.779653
Traceback (most recent call last):
  File "/home/mahnaz/dataBurst/crawling/venv/lib/python3.11/site-packages/scrapy/core/downloader/middleware.py", line 54, in process_request
    return (yield download_func(request=request, spider=spider))
twisted.web._newclient.ResponseNeverReceived: [<twisted.python.failure.Failure twisted.internet.error.ConnectionLost: Connection to the other side was lost in a non-clean fashion: Connection lost.>]
databurst.spiders.databurst_spider - INFO - ok - 2023-11-28 00:06:10,584 - 1701117370.584198
scrapy.extensions.telnet - INFO - Telnet Password: a87bd26b95cbc545 - 2023-11-28 00:06:10,793 - 1701117370.793137
scrapy.extensions.logstats - INFO - Crawled 0 pages (at 0 pages/min), scraped 0 items (at 0 items/min) - 2023-11-28 00:06:11,406 - 1701117371.406334
scrapy.extensions.telnet - INFO - Telnet console listening on 127.0.0.1:6023 - 2023-11-28 00:06:11,407 - 1701117371.407261
databurst.spiders.databurst_spider - INFO - ok - 2023-11-28 00:07:28,793 - 1701117448.793529
scrapy.extensions.telnet - INFO - Telnet Password: 796db8459e14acf8 - 2023-11-28 00:07:28,812 - 1701117448.812451
scrapy.extensions.logstats - INFO - Crawled 0 pages (at 0 pages/min), scraped 0 items (at 0 items/min) - 2023-11-28 00:07:28,943 - 1701117448.943509
scrapy.extensions.telnet - INFO - Telnet console listening on 127.0.0.1:6023 - 2023-11-28 00:07:28,944 - 1701117448.944325
scrapy.extensions.telnet - INFO - Telnet Password: 78c418e3b4074f59 - 2023-11-28 00:12:10,509 - 1701117730.509093
scrapy.extensions.logstats - INFO - Crawled 0 pages (at 0 pages/min), scraped 0 items (at 0 items/min) - 2023-11-28 00:12:10,688 - 1701117730.688202
scrapy.extensions.telnet - INFO - Telnet console listening on 127.0.0.1:6023 - 2023-11-28 00:12:10,691 - 1701117730.691430
scrapy.downloadermiddlewares.retry - ERROR - Gave up retrying <GET https://databurst.ir> (failed 3 times): [<twisted.python.failure.Failure twisted.internet.error.ConnectionLost: Connection to the other side was lost in a non-clean fashion: Connection lost.>] - 2023-11-28 00:12:18,959 - 1701117738.959874
scrapy.extensions.telnet - INFO - Telnet Password: 4ded28cc61f848fe - 2023-11-28 00:14:34,265 - 1701117874.265511
scrapy.extensions.logstats - INFO - Crawled 0 pages (at 0 pages/min), scraped 0 items (at 0 items/min) - 2023-11-28 00:14:34,382 - 1701117874.382896
scrapy.extensions.telnet - INFO - Telnet console listening on 127.0.0.1:6023 - 2023-11-28 00:14:34,383 - 1701117874.383756
databurst.spiders.databurst_spider - INFO - Spider started - 2023-11-28 00:14:34,384 - 1701117874.384327
scrapy.extensions.telnet - INFO - Telnet Password: b47339f6e13efe7f - 2023-11-28 00:17:17,546 - 1701118037.546129
scrapy.extensions.logstats - INFO - Crawled 0 pages (at 0 pages/min), scraped 0 items (at 0 items/min) - 2023-11-28 00:17:17,696 - 1701118037.696424
scrapy.extensions.telnet - INFO - Telnet console listening on 127.0.0.1:6023 - 2023-11-28 00:17:17,697 - 1701118037.697439
databurst.spiders.databurst_spider - INFO - Spider started - 2023-11-28 00:17:17,698 - 1701118037.698094
scrapy.downloadermiddlewares.retry - ERROR - Gave up retrying <GET https://databurst.ir> (failed 3 times): [<twisted.python.failure.Failure twisted.internet.error.ConnectionLost: Connection to the other side was lost in a non-clean fashion: Connection lost.>] - 2023-11-28 00:17:23,910 - 1701118043.910628
scrapy.extensions.telnet - INFO - Telnet Password: 6c03435841d1bf8f - 2023-11-28 00:18:10,494 - 1701118090.494587
scrapy.extensions.logstats - INFO - Crawled 0 pages (at 0 pages/min), scraped 0 items (at 0 items/min) - 2023-11-28 00:18:10,643 - 1701118090.643452
scrapy.extensions.telnet - INFO - Telnet console listening on 127.0.0.1:6023 - 2023-11-28 00:18:10,644 - 1701118090.644289
databurst.spiders.databurst_spider - INFO - Spider started - 2023-11-28 00:18:10,644 - 1701118090.644927
scrapy.extensions.telnet - INFO - Telnet Password: 47f0474d13b07898 - 2023-11-28 00:20:55,744 - 1701118255.744720
scrapy.extensions.logstats - INFO - Crawled 0 pages (at 0 pages/min), scraped 0 items (at 0 items/min) - 2023-11-28 00:20:55,858 - 1701118255.858167
scrapy.extensions.telnet - INFO - Telnet console listening on 127.0.0.1:6023 - 2023-11-28 00:20:55,859 - 1701118255.859081
databurst.spiders.databurst_spider - INFO - Parsing Is Started ... - 2023-11-28 00:20:58,456 - 1701118258.456005
scrapy.extensions.telnet - INFO - Telnet Password: 58e8fc717f493903 - 2023-11-28 00:21:13,775 - 1701118273.775288
scrapy.extensions.logstats - INFO - Crawled 0 pages (at 0 pages/min), scraped 0 items (at 0 items/min) - 2023-11-28 00:21:13,897 - 1701118273.897463
scrapy.extensions.telnet - INFO - Telnet console listening on 127.0.0.1:6023 - 2023-11-28 00:21:13,898 - 1701118273.898273
databurst.spiders.databurst_spider - INFO - Parsing Is Started ... - 2023-11-28 00:21:16,680 - 1701118276.680631
databurst.spiders.databurst_spider - INFO - gi - 2023-11-28 00:21:16,687 - 1701118276.687515
databurst.spiders.databurst_spider - INFO - gi - 2023-11-28 00:21:16,690 - 1701118276.690192
databurst.spiders.databurst_spider - INFO - gi - 2023-11-28 00:21:16,692 - 1701118276.692623
databurst.spiders.databurst_spider - INFO - gi - 2023-11-28 00:21:16,694 - 1701118276.694432
databurst.spiders.databurst_spider - INFO - gi - 2023-11-28 00:21:16,695 - 1701118276.695900
databurst.spiders.databurst_spider - INFO - gi - 2023-11-28 00:21:16,697 - 1701118276.697150
